# JRE version: OpenJDK Runtime Environment Temurin-17.0.2+8 (17.0.2+8) (build 17.0.2+8)
# Java VM: OpenJDK 64-Bit Server VM Temurin-17.0.2+8 (17.0.2+8, mixed mode, sharing, tiered, compressed oops, compressed class ptrs, g1 gc, windows-amd64)
GC Precious Log:
 CPUs: 16 total, 16 available
 Memory: 65307M
 Large Page Support: Disabled
 NUMA Support: Disabled
 Compressed Oops: Enabled (Zero based)
 Heap Region Size: 8M
 Heap Min Capacity: 8M
 Heap Initial Capacity: 1G
 Heap Max Capacity: 16328M
 Pre-touch: Disabled
 Parallel Workers: 13
 Concurrent Workers: 3
 Concurrent Refinement Workers: 13
 Periodic GC: Disabled
Heap:
 garbage-first heap   total 81920K, used 28800K [0x0000000403800000, 0x0000000800000000)
  region size 8192K, 2 young (16384K), 1 survivors (8192K)
 Metaspace       used 63912K, committed 64448K, reserved 1105920K
  class space    used 8416K, committed 8640K, reserved 1048576K
GC Heap History (20 events):
Event: 16.877 GC heap before
{Heap before GC invocations=9 (full 0):
 garbage-first heap   total 81920K, used 55242K [0x0000000403800000, 0x0000000800000000)
  region size 8192K, 5 young (40960K), 1 survivors (8192K)
 Metaspace       used 55599K, committed 56064K, reserved 1097728K
  class space    used 7560K, committed 7808K, reserved 1048576K
}
Event: 16.884 GC heap after
{Heap after GC invocations=10 (full 0):
 garbage-first heap   total 81920K, used 26014K [0x0000000403800000, 0x0000000800000000)
  region size 8192K, 1 young (8192K), 1 survivors (8192K)
 Metaspace       used 55599K, committed 56064K, reserved 1097728K
  class space    used 7560K, committed 7808K, reserved 1048576K
}
Event: 553.883 GC heap before
{Heap before GC invocations=10 (full 0):
 garbage-first heap   total 81920K, used 50590K [0x0000000403800000, 0x0000000800000000)
  region size 8192K, 4 young (32768K), 1 survivors (8192K)
 Metaspace       used 55720K, committed 56192K, reserved 1097728K
  class space    used 7560K, committed 7808K, reserved 1048576K
}
Event: 553.886 GC heap after
{Heap after GC invocations=11 (full 0):
 garbage-first heap   total 81920K, used 26452K [0x0000000403800000, 0x0000000800000000)
  region size 8192K, 1 young (8192K), 1 survivors (8192K)
 Metaspace       used 55720K, committed 56192K, reserved 1097728K
  class space    used 7560K, committed 7808K, reserved 1048576K
}
Event: 1263.624 GC heap before
{Heap before GC invocations=11 (full 0):
 garbage-first heap   total 81920K, used 59220K [0x0000000403800000, 0x0000000800000000)
  region size 8192K, 5 young (40960K), 1 survivors (8192K)
 Metaspace       used 56091K, committed 56576K, reserved 1097728K
  class space    used 7598K, committed 7808K, reserved 1048576K
}
Event: 1263.626 GC heap after
{Heap after GC invocations=12 (full 0):
 garbage-first heap   total 81920K, used 26310K [0x0000000403800000, 0x0000000800000000)
  region size 8192K, 1 young (8192K), 1 survivors (8192K)
 Metaspace       used 56091K, committed 56576K, reserved 1097728K
  class space    used 7598K, committed 7808K, reserved 1048576K
}
Event: 1338.410 GC heap before
{Heap before GC invocations=12 (full 0):
 garbage-first heap   total 81920K, used 42694K [0x0000000403800000, 0x0000000800000000)
  region size 8192K, 4 young (32768K), 1 survivors (8192K)
 Metaspace       used 59884K, committed 60288K, reserved 1105920K
  class space    used 8036K, committed 8256K, reserved 1048576K
}
Event: 1338.412 GC heap after
{Heap after GC invocations=13 (full 0):
 garbage-first heap   total 81920K, used 27163K [0x0000000403800000, 0x0000000800000000)
  region size 8192K, 1 young (8192K), 1 survivors (8192K)
 Metaspace       used 59884K, committed 60288K, reserved 1105920K
  class space    used 8036K, committed 8256K, reserved 1048576K
}
Event: 1719.768 GC heap before
{Heap before GC invocations=14 (full 0):
 garbage-first heap   total 81920K, used 51739K [0x0000000403800000, 0x0000000800000000)
  region size 8192K, 5 young (40960K), 1 survivors (8192K)
 Metaspace       used 61700K, committed 62144K, reserved 1105920K
  class space    used 8304K, committed 8512K, reserved 1048576K
}
Event: 1719.857 GC heap after
{Heap after GC invocations=15 (full 1):
 garbage-first heap   total 81920K, used 23243K [0x0000000403800000, 0x0000000800000000)
  region size 8192K, 0 young (0K), 0 survivors (0K)
 Metaspace       used 61700K, committed 62144K, reserved 1105920K
  class space    used 8304K, committed 8512K, reserved 1048576K
}
Event: 1721.395 GC heap before
{Heap before GC invocations=15 (full 1):
 garbage-first heap   total 81920K, used 64203K [0x0000000403800000, 0x0000000800000000)
  region size 8192K, 5 young (40960K), 0 survivors (0K)
 Metaspace       used 62141K, committed 62592K, reserved 1105920K
  class space    used 8322K, committed 8512K, reserved 1048576K
}
Event: 1721.396 GC heap after
{Heap after GC invocations=16 (full 1):
 garbage-first heap   total 81920K, used 26426K [0x0000000403800000, 0x0000000800000000)
  region size 8192K, 1 young (8192K), 1 survivors (8192K)
 Metaspace       used 62141K, committed 62592K, reserved 1105920K
  class space    used 8322K, committed 8512K, reserved 1048576K
}
Event: 1863.729 GC heap before
{Heap before GC invocations=16 (full 1):
 garbage-first heap   total 81920K, used 59194K [0x0000000403800000, 0x0000000800000000)
  region size 8192K, 5 young (40960K), 1 survivors (8192K)
 Metaspace       used 62814K, committed 63296K, reserved 1105920K
  class space    used 8356K, committed 8576K, reserved 1048576K
}
Event: 1863.782 GC heap after
{Heap after GC invocations=17 (full 1):
 garbage-first heap   total 81920K, used 28570K [0x0000000403800000, 0x0000000800000000)
  region size 8192K, 1 young (8192K), 1 survivors (8192K)
 Metaspace       used 62814K, committed 63296K, reserved 1105920K
  class space    used 8356K, committed 8576K, reserved 1048576K
}
Event: 2132.026 GC heap before
{Heap before GC invocations=17 (full 1):
 garbage-first heap   total 81920K, used 44954K [0x0000000403800000, 0x0000000800000000)
  region size 8192K, 4 young (32768K), 1 survivors (8192K)
 Metaspace       used 63150K, committed 63616K, reserved 1105920K
  class space    used 8380K, committed 8576K, reserved 1048576K
}
Event: 2132.203 GC heap after
{Heap after GC invocations=18 (full 2):
 garbage-first heap   total 81920K, used 23867K [0x0000000403800000, 0x0000000800000000)
  region size 8192K, 0 young (0K), 0 survivors (0K)
 Metaspace       used 63147K, committed 63616K, reserved 1105920K
  class space    used 8379K, committed 8576K, reserved 1048576K
}
Event: 2132.863 GC heap before
{Heap before GC invocations=18 (full 2):
 garbage-first heap   total 81920K, used 56635K [0x0000000403800000, 0x0000000800000000)
  region size 8192K, 4 young (32768K), 0 survivors (0K)
 Metaspace       used 63394K, committed 63936K, reserved 1105920K
  class space    used 8395K, committed 8640K, reserved 1048576K
}
Event: 2132.865 GC heap after
{Heap after GC invocations=19 (full 2):
 garbage-first heap   total 81920K, used 26726K [0x0000000403800000, 0x0000000800000000)
  region size 8192K, 1 young (8192K), 1 survivors (8192K)
 Metaspace       used 63394K, committed 63936K, reserved 1105920K
  class space    used 8395K, committed 8640K, reserved 1048576K
}
Event: 2172.280 GC heap before
{Heap before GC invocations=19 (full 2):
 garbage-first heap   total 81920K, used 59494K [0x0000000403800000, 0x0000000800000000)
  region size 8192K, 5 young (40960K), 1 survivors (8192K)
 Metaspace       used 63912K, committed 64448K, reserved 1105920K
  class space    used 8416K, committed 8640K, reserved 1048576K
}
Event: 2172.288 GC heap after
{Heap after GC invocations=20 (full 2):
 garbage-first heap   total 81920K, used 28800K [0x0000000403800000, 0x0000000800000000)
  region size 8192K, 1 young (8192K), 1 survivors (8192K)
 Metaspace       used 63912K, committed 64448K, reserved 1105920K
  class space    used 8416K, committed 8640K, reserved 1048576K
}

